Arguments: 
  /data/data/com.termux/files/usr/bin/node /data/data/com.termux/files/usr/share/yarn/bin/yarn.js

PATH: 
  /data/data/com.termux/files/usr/bin

Yarn version: 
  1.22.19

Node version: 
  18.16.1

Platform: 
  android arm64

Trace: 
  Error: EACCES: permission denied, symlink '../../../esprima/bin/esparse.js' -> '/storage/emulated/0/MT2/.insta-autobots/node_modules/degenerator/node_modules/.bin/esparse'

npm manifest: 
  {
    "name": "insta-autobots",
    "version": "0.2.2",
    "description": "Node.JS Instagram Tools",
    "main": "index.js",
    "dependencies": {
      "bluebird": "^3.5.4",
      "chalk": "^2.4.2",
      "cron": "^1.7.1",
      "delay": "^2.0.0",
      "inquirer": "^4.0.2",
      "instagram-private-api": "^0.10.1",
      "moment-timezone": "^0.5.25",
      "request": "^2.88.0",
      "request-promise": "^4.2.4",
      "string": "^3.3.3"
    },
    "author": "CodeBytez",
    "repository": {
      "type": "git",
      "url": "https://github.com/rajansharmaa/insta-autobots"
    },
    "license": "MIT"
  }

yarn manifest: 
  No manifest

Lockfile: 
  No lockfile
